Log for:C:/Users/delalandre/Documents/Thesis/Projects/2023_plasticity_traits_allocation_annuals/
# timestamp | duration | file | instruction | dir | modtime | etag | size | fileId | status | errorString | http result code | other size | other modtime | X-Request-ID
#=#=#=# Syncrun started 2023-06-16T09:54:39Z
#=#=#=#=# Propagation starts 2023-06-16T09:54:40Z (last step: 1146 msec , total: 1146 msec) 
2023-06-16T09:54:41Z | plasticity_traits_allocation_annuals.Rproj | SyncInstruction(CSYNC_INSTRUCTION_NEW) | OCC::SyncFileItem::Up | | 1686297696 | d08f1697da04227659ff07207f5feb80 | 218 | 3151595470ocfcb4e58640 | OCC::SyncFileItem::Success |  | 201 | 0 | 0 | bbe3cd56-819b-4cde-ae3f-f4acd2519d64 | 
2023-06-16T09:54:45Z | data/mean_attribute_per_treatment_subset_nat_sab_int_site_level.csv | SyncInstruction(CSYNC_INSTRUCTION_NEW) | OCC::SyncFileItem::Up | | 1683278359 | 9f07d1d52c1e98b6495a21329aa11b3b | 30263 | 3151595558ocfcb4e58640 | OCC::SyncFileItem::Success |  | 201 | 0 | 0 | 312def30-c32d-4977-b0e1-66329dd47178 | 
2023-06-16T09:54:45Z | data/species_experiment.csv | SyncInstruction(CSYNC_INSTRUCTION_NEW) | OCC::SyncFileItem::Up | | 1663775397 | f5effc013430843fbbdc6534667ef3cf | 810 | 3151595638ocfcb4e58640 | OCC::SyncFileItem::Success |  | 201 | 0 | 0 | e4290c40-3946-41b0-b253-4be83c827aaf | 
2023-06-16T09:54:45Z | data/t0_height_dry_mass.csv | SyncInstruction(CSYNC_INSTRUCTION_NEW) | OCC::SyncFileItem::Up | | 1678291415 | 84913b9538ba298329478f4421e6200b | 72636 | 3151595674ocfcb4e58640 | OCC::SyncFileItem::Success |  | 201 | 0 | 0 | b893d20d-fa1e-4f40-8510-7cc4ff82c75d | 
2023-06-16T09:54:44Z | data/mean_attribute_per_treatment_subset_nat_sab_int.csv | SyncInstruction(CSYNC_INSTRUCTION_NEW) | OCC::SyncFileItem::Up | | 1683278361 | 3065299c30fdc1f9bea55e85159e0f8e | 35709 | 3151595586ocfcb4e58640 | OCC::SyncFileItem::Success |  | 201 | 0 | 0 | 5522f8ff-d7e0-4920-95de-be8086fbdaa7 | 
2023-06-16T09:54:51Z | draft/2022_11_19_plasticity_conservative_acquisitive.docx | SyncInstruction(CSYNC_INSTRUCTION_NEW) | OCC::SyncFileItem::Up | | 1678708709 | a15ed1495b916c08dcf296f188b202be | 203738 | 3151595798ocfcb4e58640 | OCC::SyncFileItem::Success |  | 201 | 0 | 0 | 119b6427-82b2-4a07-8f0f-db6589849ec0 | 
2023-06-16T09:54:51Z | data/t2_traits.csv | SyncInstruction(CSYNC_INSTRUCTION_NEW) | OCC::SyncFileItem::Up | | 1679904618 | 93b6c08b8a651c832cd8d980b37d45f3 | 130312 | 3151595838ocfcb4e58640 | OCC::SyncFileItem::Success |  | 201 | 0 | 0 | 489039b0-b3dc-49fa-b1da-1cfce9877fc2 | 
2023-06-16T09:54:52Z | draft/2023_02_14_ontogenetic_etc.docx | SyncInstruction(CSYNC_INSTRUCTION_NEW) | OCC::SyncFileItem::Up | | 1680534225 | 35a5a6a9b824fe55e38f6f002c7177b3 | 15206 | 3151595870ocfcb4e58640 | OCC::SyncFileItem::Success |  | 201 | 0 | 0 | 72c049e6-32df-40df-a0e7-3a262c073a33 | 
2023-06-16T09:54:54Z | draft/mass grave/2023_04_draft_brainstorm.docx | SyncInstruction(CSYNC_INSTRUCTION_NEW) | OCC::SyncFileItem::Up | | 1681057271 | 0de339b02eed3f70a71476518141ac02 | 21307 | 3151595922ocfcb4e58640 | OCC::SyncFileItem::Success |  | 201 | 0 | 0 | 790594bb-9b2f-454f-b628-33cfc422b6e9 | 
2023-06-16T09:54:50Z | data/t1_traits.csv | SyncInstruction(CSYNC_INSTRUCTION_NEW) | OCC::SyncFileItem::Up | | 1679492839 | 3cde0d79e8647b47897990bd99152f3a | 56202 | 3151595946ocfcb4e58640 | OCC::SyncFileItem::Success |  | 201 | 0 | 0 | 071d7524-3f3b-4ca9-b1ff-4ae8be93451d | 
2023-06-16T09:54:40Z | data | SyncInstruction(CSYNC_INSTRUCTION_NEW) | OCC::SyncFileItem::Up | | 1683278912 |  | 4096 | 3151595326ocfcb4e58640 | OCC::SyncFileItem::Success |  | 201 | 0 | 0 | 8f0f98ea-ca2a-4041-a113-f94292c88d6e | 
2023-06-16T09:54:55Z | draft/Methods.docx | SyncInstruction(CSYNC_INSTRUCTION_NEW) | OCC::SyncFileItem::Up | | 1679678597 | 7f4bb80a61d96e5bd676c3a832782b89 | 11967 | 3151595966ocfcb4e58640 | OCC::SyncFileItem::Success |  | 201 | 0 | 0 | 9d6e6ca6-a414-4811-af59-c5dd02c7f89b | 
2023-06-16T09:54:54Z | draft/mass grave/draft.docx | SyncInstruction(CSYNC_INSTRUCTION_NEW) | OCC::SyncFileItem::Up | | 1680630852 | ae5008975838b7406e8fa0416927bd66 | 29878 | 3151596018ocfcb4e58640 | OCC::SyncFileItem::Success |  | 201 | 0 | 0 | 6c675bf8-d326-4ae3-9212-82724ae5269c | 
2023-06-16T09:54:48Z | draft/mass grave | SyncInstruction(CSYNC_INSTRUCTION_NEW) | OCC::SyncFileItem::Up | | 1686665913 |  | 4096 | 3151595750ocfcb4e58640 | OCC::SyncFileItem::Success |  | 201 | 0 | 0 | fc0ff19d-3726-4bd3-ada3-1365512e10af | 
2023-06-16T09:54:55Z | draft/Results.docx | SyncInstruction(CSYNC_INSTRUCTION_NEW) | OCC::SyncFileItem::Up | | 1683036983 | 235fffead5ed24345e30d640280649cd | 14124 | 3151596078ocfcb4e58640 | OCC::SyncFileItem::Success |  | 201 | 0 | 0 | be9924ad-02f7-414f-a0a3-38b63231bc40 | 
2023-06-16T09:54:58Z | draft/correlation_RDPI.pdf | SyncInstruction(CSYNC_INSTRUCTION_NEW) | OCC::SyncFileItem::Up | | 1685533795 | cf3408aa85ebebb5cb9f27608c71d493 | 5045 | 3151596110ocfcb4e58640 | OCC::SyncFileItem::Success |  | 201 | 0 | 0 | 6569624e-e1a8-49e0-bb72-de8601af7f40 | 
2023-06-16T09:54:56Z | draft/allocation_morphology.docx | SyncInstruction(CSYNC_INSTRUCTION_NEW) | OCC::SyncFileItem::Up | | 1677618297 | 5ea9b2401828cc82fdef60f9c0927505 | 15433 | 3151595998ocfcb4e58640 | OCC::SyncFileItem::Success |  | 201 | 0 | 0 | 9d7625ad-797b-4b01-8ce1-2db98c64df15 | 
2023-06-16T09:55:00Z | draft/correlation_RDPI.png | SyncInstruction(CSYNC_INSTRUCTION_NEW) | OCC::SyncFileItem::Up | | 1686235538 | 700fb1bbf077b3cb18422f715219948c | 31075 | 3151596186ocfcb4e58640 | OCC::SyncFileItem::Success |  | 201 | 0 | 0 | 820551df-8401-40fb-bdcc-f7b933001178 | 
2023-06-16T09:55:01Z | draft/draft_V1.1.docx | SyncInstruction(CSYNC_INSTRUCTION_NEW) | OCC::SyncFileItem::Up | | 1683039058 | 1fcb7fc5af2213c269d4e3e34191f932 | 442303 | 3151596166ocfcb4e58640 | OCC::SyncFileItem::Success |  | 201 | 0 | 0 | 5ed86e4a-0774-4e80-a388-d2e84852868a | 
2023-06-16T09:54:58Z | draft/bp_ferti.png | SyncInstruction(CSYNC_INSTRUCTION_NEW) | OCC::SyncFileItem::Up | | 1684934862 | 19b9277a30f5c448581d793b6d5f1481 | 413758 | 3151596142ocfcb4e58640 | OCC::SyncFileItem::Success |  | 201 | 0 | 0 | 37caded1-598b-465a-bf0e-70908c8cb5d5 | 
2023-06-16T09:55:04Z | draft/draft_V1.1_CV.docx | SyncInstruction(CSYNC_INSTRUCTION_NEW) | OCC::SyncFileItem::Up | | 1684945174 | a29444c112cd538c3ed42840642414d5 | 447629 | 3151596322ocfcb4e58640 | OCC::SyncFileItem::Success |  | 201 | 0 | 0 | 2d955e4e-bfb5-49b7-bcbd-87c0f8b1fdaf | 
2023-06-16T09:55:04Z | draft/draft_V1.1_EG.docx | SyncInstruction(CSYNC_INSTRUCTION_NEW) | OCC::SyncFileItem::Up | | 1683271419 | 4757e792a2dde75196b4ab398965a8cf | 444502 | 3151596342ocfcb4e58640 | OCC::SyncFileItem::Success |  | 201 | 0 | 0 | 665a63d7-7382-4a33-86ec-30eb78b224e1 | 
2023-06-16T09:55:05Z | draft/draft_V1.2.docx | SyncInstruction(CSYNC_INSTRUCTION_NEW) | OCC::SyncFileItem::Up | | 1686843837 | 50bbccb067b8c5d250023b7fe0e47552 | 735946 | 3151596454ocfcb4e58640 | OCC::SyncFileItem::Success |  | 201 | 0 | 0 | 703a3220-8226-462c-98c6-e2132abcdd5f | 
2023-06-16T09:55:07Z | draft/fig_allom_surfaces.png | SyncInstruction(CSYNC_INSTRUCTION_NEW) | OCC::SyncFileItem::Up | | 1684770520 | c4a04df882f9018791974a75e05b88a1 | 15075 | 3151596502ocfcb4e58640 | OCC::SyncFileItem::Success |  | 201 | 0 | 0 | b427bc70-d82c-4dcc-937c-3ead8722cc7b | 
2023-06-16T09:55:07Z | draft/fig_bp.png | SyncInstruction(CSYNC_INSTRUCTION_NEW) | OCC::SyncFileItem::Up | | 1683028164 | a1ac6f1177db0d015987c3183f83ead7 | 571734 | 3151596430ocfcb4e58640 | OCC::SyncFileItem::Success |  | 201 | 0 | 0 | 0b3339a7-a453-48fd-8459-221adada157d | 
2023-06-16T09:55:11Z | draft/fig_pop_plast.jpg | SyncInstruction(CSYNC_INSTRUCTION_NEW) | OCC::SyncFileItem::Up | | 1683118035 | 9ef315c7a6667ce2206af4aabde32ceb | 2839491 | 3151596574ocfcb4e58640 | OCC::SyncFileItem::Success |  | 201 | 0 | 0 | 65c075d2-4cbb-4b18-9856-55eeeede30b8 | 
2023-06-16T09:55:14Z | draft/fig_theorique.png | SyncInstruction(CSYNC_INSTRUCTION_NEW) | OCC::SyncFileItem::Up | | 1682668992 | 21459e7d3772e8611d08e52b1468ecb1 | 27174 | 3151596650ocfcb4e58640 | OCC::SyncFileItem::Success |  | 201 | 0 | 0 | e675eb8e-e9a7-40bf-8beb-a4b7229c959d | 
2023-06-16T09:55:14Z | draft/intro_V1.docx | SyncInstruction(CSYNC_INSTRUCTION_NEW) | OCC::SyncFileItem::Up | | 1682430860 | 10a15c02b5b36e02c7e2b40ae349daba | 33467 | 3151596670ocfcb4e58640 | OCC::SyncFileItem::Success |  | 201 | 0 | 0 | b0a11201-f421-4e68-b25a-a50d9750e6fa | 
2023-06-16T09:55:15Z | draft/intro_mass_grave.docx | SyncInstruction(CSYNC_INSTRUCTION_NEW) | OCC::SyncFileItem::Up | | 1686832773 | dff6033a00eb9b6885482287669148c7 | 64928 | 3151596742ocfcb4e58640 | OCC::SyncFileItem::Success |  | 201 | 0 | 0 | 0852cc46-2d86-4abc-b403-4c2fe68883ff | 
2023-06-16T09:55:11Z | draft/fig_pop_plast_RGR_SAR.jpg | SyncInstruction(CSYNC_INSTRUCTION_NEW) | OCC::SyncFileItem::Up | | 1683118509 | dcd6f80e1930897b042ed0e5d9d2e26b | 491091 | 3151596546ocfcb4e58640 | OCC::SyncFileItem::Success |  | 201 | 0 | 0 | 54f81ef9-555a-4488-9c90-f66fd3c65945 | 
2023-06-16T09:55:16Z | draft/plot_in_situ.jpg | SyncInstruction(CSYNC_INSTRUCTION_NEW) | OCC::SyncFileItem::Up | | 1684914652 | 543f72048405fed86c640da3cc36015f | 659640 | 3151596818ocfcb4e58640 | OCC::SyncFileItem::Success |  | 201 | 0 | 0 | c7d751c2-c7b1-45b9-a1b0-ccb05ae14ecf | 
2023-06-16T09:55:08Z | draft/fig_allom_surfaces_boxplot.png | SyncInstruction(CSYNC_INSTRUCTION_NEW) | OCC::SyncFileItem::Up | | 1683021431 | 99ec3e4e256bf8ef7db843ee1e6f1b9b | 615897 | 3151596530ocfcb4e58640 | OCC::SyncFileItem::Success |  | 201 | 0 | 0 | 3c1d6440-9689-4e30-9f08-4c4c74c3430f | 
2023-06-16T09:55:19Z | draft/table_origin_ferti_effects.doc | SyncInstruction(CSYNC_INSTRUCTION_NEW) | OCC::SyncFileItem::Up | | 1683640277 | eeffd3ca9b9cbc1b55960c0c9d008e36 | 7279 | 3151596870ocfcb4e58640 | OCC::SyncFileItem::Success |  | 201 | 0 | 0 | 5a8e68fd-9597-4235-8504-e659de958353 | 
2023-06-16T09:55:20Z | notebook/photos/IMG_20220614_155529.jpg | SyncInstruction(CSYNC_INSTRUCTION_NEW) | OCC::SyncFileItem::Up | | 1679902593 | d2be79fc974e6ce747b5584d020378e1 | 1687530 | 3151596974ocfcb4e58640 | OCC::SyncFileItem::Success |  | 201 | 0 | 0 | eda03c32-e01a-44a2-9f0c-baf7b5631259 | 
2023-06-16T09:55:22Z | notebook/2023_02_27_Réu_Eric.pptx | SyncInstruction(CSYNC_INSTRUCTION_NEW) | OCC::SyncFileItem::Up | | 1677618253 | 13db6dac9b01cbf54edacd7b8068c4f8 | 3743014 | 3151597070ocfcb4e58640 | OCC::SyncFileItem::Success |  | 201 | 0 | 0 | b7d1e067-80d6-4f91-bb19-a19349fcabce | 
2023-06-16T09:55:18Z | draft/table_mixed_model_mass.doc | SyncInstruction(CSYNC_INSTRUCTION_NEW) | OCC::SyncFileItem::Up | | 1682673614 | e8842373be1f7ed23cc0217c33051d31 | 1863 | 3151596914ocfcb4e58640 | OCC::SyncFileItem::Success |  | 201 | 0 | 0 | b9375eef-4741-4afd-b2c5-cf01b5297522 | 
2023-06-16T09:54:40Z | draft | SyncInstruction(CSYNC_INSTRUCTION_NEW) | OCC::SyncFileItem::Up | | 1686843840 |  | 8192 | 3151595402ocfcb4e58640 | OCC::SyncFileItem::Success |  | 201 | 0 | 0 | d785f997-fb43-48d4-85a0-e4d90487c33a | 
2023-06-16T09:55:21Z | notebook/photos/IMG_20220614_155539.jpg | SyncInstruction(CSYNC_INSTRUCTION_NEW) | OCC::SyncFileItem::Up | | 1679902630 | 1a30526f6d400ea17048b08322ff110d | 1383339 | 3151597106ocfcb4e58640 | OCC::SyncFileItem::Success |  | 201 | 0 | 0 | 6a3b8c77-97e3-42bc-9cec-90628d663823 | 
2023-06-16T09:54:43Z | notebook/photos | SyncInstruction(CSYNC_INSTRUCTION_NEW) | OCC::SyncFileItem::Up | | 1679902630 |  | 4096 | 3151595538ocfcb4e58640 | OCC::SyncFileItem::Success |  | 201 | 0 | 0 | 1c6a9b82-2f52-477f-9dde-43db10fbbefd | 
2023-06-16T09:55:28Z | notebook/2023_03_09_plan_article.docx | SyncInstruction(CSYNC_INSTRUCTION_NEW) | OCC::SyncFileItem::Up | | 1678362996 | 1152598c97fad4c8b7936d7779b7ca03 | 15238 | 3151597146ocfcb4e58640 | OCC::SyncFileItem::Success |  | 201 | 0 | 0 | 915098e7-a2f2-4890-b81f-89729a522ac1 | 
2023-06-16T09:55:28Z | notebook/2023_03_20_allometry.pptx | SyncInstruction(CSYNC_INSTRUCTION_NEW) | OCC::SyncFileItem::Up | | 1679497283 | 67679636bfe17adb6e8675a16db17e2a | 620694 | 3151597266ocfcb4e58640 | OCC::SyncFileItem::Success |  | 201 | 0 | 0 | 6db2726a-7105-4400-8a57-45d67aa1227b | 
2023-06-16T09:55:25Z | notebook/2023_02_28_origin_effect.pptx | SyncInstruction(CSYNC_INSTRUCTION_NEW) | OCC::SyncFileItem::Up | | 1678216438 | f913fc9f417924079ae286fab2a9e591 | 1591989 | 3151597174ocfcb4e58640 | OCC::SyncFileItem::Success |  | 201 | 0 | 0 | 7bc241f6-3b1e-4429-acb5-d9251b5f9ba2 | 
2023-06-16T09:55:31Z | notebook/2023_03_29_plasticité_RGR_selon_SLA.pptx | SyncInstruction(CSYNC_INSTRUCTION_NEW) | OCC::SyncFileItem::Up | | 1683646935 | 27ed58f4adcc2ae79997892abc3f4e60 | 238080 | 3151597298ocfcb4e58640 | OCC::SyncFileItem::Success |  | 201 | 0 | 0 | 80d5848b-6214-4a42-80af-a47d6fdddf12 | 
2023-06-16T09:55:34Z | notebook/2023_04_27_proposition_figures.pptx | SyncInstruction(CSYNC_INSTRUCTION_NEW) | OCC::SyncFileItem::Up | | 1682697841 | 25025b0084aeac5d68ec194d4803f91e | 2403856 | 3151597358ocfcb4e58640 | OCC::SyncFileItem::Success |  | 201 | 0 | 0 | 083f1f1e-b0da-415b-8c03-969c46f9ecd0 | 
2023-06-16T09:55:36Z | notebook/2023_05_05_Essai figure générale.pptx | SyncInstruction(CSYNC_INSTRUCTION_NEW) | OCC::SyncFileItem::Up | | 1683300632 | 6d78e3040a6283fbf48a907934f3e34d | 4827865 | 3151597402ocfcb4e58640 | OCC::SyncFileItem::Success |  | 201 | 0 | 0 | 2d87a470-f201-425a-9fbf-83048adce9fa | 
2023-06-16T09:55:37Z | notebook/2023_05_05_essais_plot_origin.pptx | SyncInstruction(CSYNC_INSTRUCTION_NEW) | OCC::SyncFileItem::Up | | 1683646589 | dab64df480d72cbb4dffd841db2ccce3 | 1075066 | 3151597450ocfcb4e58640 | OCC::SyncFileItem::Success |  | 201 | 0 | 0 | fcc0d7a9-8159-4b79-8794-989cae4bc955 | 
2023-06-16T09:55:39Z | notebook/2023_05_22_plasticity_f_trait.pptx | SyncInstruction(CSYNC_INSTRUCTION_NEW) | OCC::SyncFileItem::Up | | 1685551086 | 960537d9859367d495c1e1469c173752 | 155257 | 3151597574ocfcb4e58640 | OCC::SyncFileItem::Success |  | 201 | 0 | 0 | 2c2743bd-6ced-4920-9e48-1c6244898c20 | 
2023-06-16T09:55:40Z | notebook/BIO21_L3_SAUGIERLila.pdf | SyncInstruction(CSYNC_INSTRUCTION_NEW) | OCC::SyncFileItem::Up | | 1677184618 | 3ec04492c25b09dae2d171a7d7790869 | 2872052 | 3151597606ocfcb4e58640 | OCC::SyncFileItem::Success |  | 201 | 0 | 0 | 4937d159-ebc8-42ab-bbde-e07b416bb98c | 
2023-06-16T09:55:44Z | notebook/Lila_SAUGIER_Soutenance.pdf | SyncInstruction(CSYNC_INSTRUCTION_NEW) | OCC::SyncFileItem::Up | | 1664884857 | ad82eae5a1941fb9e1652de36652992f | 2270909 | 3151597670ocfcb4e58640 | OCC::SyncFileItem::Success |  | 201 | 0 | 0 | 6d4b7964-5c9b-45a3-a37f-ee517a143a6f | 
2023-06-16T09:55:47Z | notebook/Westgeest_2022_allometry.pdf | SyncInstruction(CSYNC_INSTRUCTION_NEW) | OCC::SyncFileItem::Up | | 1682413576 | a06e8aedbaa9ddbc215fd946a3976954 | 668592 | 3151597766ocfcb4e58640 | OCC::SyncFileItem::Success |  | 201 | 0 | 0 | 29dcffdd-309b-419b-b0b5-40c7fba5e9e8 | 
2023-06-16T09:55:49Z | notebook/plasticité_annuelles_LaFage.pdf | SyncInstruction(CSYNC_INSTRUCTION_NEW) | OCC::SyncFileItem::Up | | 1680617774 | ada3714b80494e6ebb732fb2e4fc7349 | 1430544 | 3151597850ocfcb4e58640 | OCC::SyncFileItem::Success |  | 201 | 0 | 0 | 83c2e4ac-10e1-4d39-865e-05d9b806450b | 
2023-06-16T09:55:50Z | notebook/PHOTOS MANIP.pptx | SyncInstruction(CSYNC_INSTRUCTION_NEW) | OCC::SyncFileItem::Up | | 1679677887 | 5195e253027799573c8653ab58326db7 | 10256866 | 3151597966ocfcb4e58640 | OCC::SyncFileItem::Success |  | 201 | 0 | 0 | 5bc5e8bc-6189-47d9-a54f-714f1ae75662 | 
2023-06-16T09:55:54Z | output/data/sma_dry_mass_t1_t2_rs.csv | SyncInstruction(CSYNC_INSTRUCTION_NEW) | OCC::SyncFileItem::Up | | 1678463600 | 216b008e497e4f4a1a77cc2e4514fd12 | 6864 | 3151598058ocfcb4e58640 | OCC::SyncFileItem::Success |  | 201 | 0 | 0 | bf1596d3-4080-4ae6-8f1e-5a33cbfd0d93 | 
2023-06-16T09:55:55Z | output/data/table_origin_effect.doc | SyncInstruction(CSYNC_INSTRUCTION_NEW) | OCC::SyncFileItem::Up | | 1679905490 | d4742bdc6ba058df5a107167d09699fd | 3039 | 3151598102ocfcb4e58640 | OCC::SyncFileItem::Success |  | 201 | 0 | 0 | 0cc103fc-c88b-4b66-89c4-de43dcbf39bc | 
2023-06-16T09:55:51Z | notebook/2023_03_24_plasticity_annuals_LaFage.pptx | SyncInstruction(CSYNC_INSTRUCTION_NEW) | OCC::SyncFileItem::Up | | 1682607880 | 3045026010fa4ac4a3682a741341f307 | 45513108 | 3151598110ocfcb4e58640 | OCC::SyncFileItem::Success |  | 201 | 0 | 0 | f4e6b9c9-c736-4607-931c-0c578b216716 | 
2023-06-16T09:54:41Z | notebook | SyncInstruction(CSYNC_INSTRUCTION_NEW) | OCC::SyncFileItem::Up | | 1685551086 |  | 8192 | 3151595354ocfcb4e58640 | OCC::SyncFileItem::Success |  | 201 | 0 | 0 | 50ded91c-0233-433e-aecc-4bf104383309 | 
2023-06-16T09:55:54Z | output/data/data_rgr_sar.csv | SyncInstruction(CSYNC_INSTRUCTION_NEW) | OCC::SyncFileItem::Up | | 1680616470 | 6f7a6c1244672afcc5d30d312f0143d9 | 139575 | 3151598082ocfcb4e58640 | OCC::SyncFileItem::Success |  | 201 | 0 | 0 | 0788babb-b41b-4413-8103-ee4b871ce5c2 | 
2023-06-16T09:55:54Z | output/data/coef_sma_Np_Nm.csv | SyncInstruction(CSYNC_INSTRUCTION_NEW) | OCC::SyncFileItem::Up | | 1678396974 | 16c95ba8f80ad88d5547006e3060a732 | 5999 | 3151598118ocfcb4e58640 | OCC::SyncFileItem::Success |  | 201 | 0 | 0 | 65f983b5-7c41-4f96-b120-616db8b5a11d | 
2023-06-16T09:55:59Z | output/plot/boxplot_allocation.jpg | SyncInstruction(CSYNC_INSTRUCTION_NEW) | OCC::SyncFileItem::Up | | 1682695440 | 0ba8f0be09670e6519f5d23a09a32a8a | 705240 | 3151598334ocfcb4e58640 | OCC::SyncFileItem::Success |  | 201 | 0 | 0 | f6030d84-1990-4b3f-9204-113b1aeb126b | 
2023-06-16T09:55:59Z | output/data/traits_pop.csv | SyncInstruction(CSYNC_INSTRUCTION_NEW) | OCC::SyncFileItem::Up | | 1682685413 | d2bb69400f32394bb89d0591e1840d30 | 55534 | 3151598318ocfcb4e58640 | OCC::SyncFileItem::Success |  | 201 | 0 | 0 | 7e946135-bd9c-4370-923e-95cf6308562c | 
2023-06-16T09:55:51Z | output/data | SyncInstruction(CSYNC_INSTRUCTION_NEW) | OCC::SyncFileItem::Up | | 1679918557 |  | 4096 | 3151597938ocfcb4e58640 | OCC::SyncFileItem::Success |  | 201 | 0 | 0 | 33f60856-600f-404e-a730-c9e8da1d741b | 
2023-06-16T09:56:01Z | output/plot/boxplot_all_traits_pop.jpg | SyncInstruction(CSYNC_INSTRUCTION_NEW) | OCC::SyncFileItem::Up | | 1679482746 | ab8bc710bca696275a9e007de8e9433d | 2160951 | 3151598390ocfcb4e58640 | OCC::SyncFileItem::Success |  | 201 | 0 | 0 | f427f1c1-4973-4ff5-9013-5af051163bcc | 
2023-06-16T09:56:00Z | output/plot/boxplot_biomass.jpg | SyncInstruction(CSYNC_INSTRUCTION_NEW) | OCC::SyncFileItem::Up | | 1679678111 | 3efbec67190549ff6c47ebb4e04e5f61 | 673831 | 3151598406ocfcb4e58640 | OCC::SyncFileItem::Success |  | 201 | 0 | 0 | 61ae1eb3-2529-4bf0-9c01-4e1da8badc72 | 
2023-06-16T09:56:06Z | output/plot/boxplot_plant.jpg | SyncInstruction(CSYNC_INSTRUCTION_NEW) | OCC::SyncFileItem::Up | | 1682695440 | 72ebe6b140f6f187249934e440f9704b | 1272813 | 3151598482ocfcb4e58640 | OCC::SyncFileItem::Success |  | 201 | 0 | 0 | 7fb4be69-43f0-44b6-b6aa-db3e0a5184af | 
2023-06-16T09:56:06Z | output/plot/boxplot_leaf.jpg | SyncInstruction(CSYNC_INSTRUCTION_NEW) | OCC::SyncFileItem::Up | | 1682695441 | b2a4a94cf3977e664b435fb0ecc5e541 | 661638 | 3151598542ocfcb4e58640 | OCC::SyncFileItem::Success |  | 201 | 0 | 0 | 09c26410-ba96-4d23-b589-2b8c78fadd4d | 
2023-06-16T09:56:06Z | output/plot/boxplot_root.jpg | SyncInstruction(CSYNC_INSTRUCTION_NEW) | OCC::SyncFileItem::Up | | 1682695441 | 17e7497b0dafe847fdd9e94974a312b5 | 994143 | 3151598530ocfcb4e58640 | OCC::SyncFileItem::Success |  | 201 | 0 | 0 | b185d034-a5eb-4278-bc2e-8caa0ca1780d | 
2023-06-16T09:56:09Z | output/plot/plast_LDMC.png | SyncInstruction(CSYNC_INSTRUCTION_NEW) | OCC::SyncFileItem::Up | | 1680080759 | 9ae3bc331a9c4eff9ef25f05b3787b3d | 6132 | 3151598654ocfcb4e58640 | OCC::SyncFileItem::Success |  | 201 | 0 | 0 | 53cd5d31-3f78-46fb-ac49-490a558f3229 | 
2023-06-16T09:56:09Z | output/plot/bp_ferti.png | SyncInstruction(CSYNC_INSTRUCTION_NEW) | OCC::SyncFileItem::Up | | 1683639182 | 7f6510192ac34eefb7b3c4564316f9c2 | 533381 | 3151598714ocfcb4e58640 | OCC::SyncFileItem::Success |  | 201 | 0 | 0 | a353f277-8cb9-4b3d-9404-0f606181b6fb | 
2023-06-16T09:56:09Z | output/plot/bp_origin_ferti2.png | SyncInstruction(CSYNC_INSTRUCTION_NEW) | OCC::SyncFileItem::Up | | 1683620635 | 718d812f7a5c24965ddc3cc38bfe3874 | 129187 | 3151598626ocfcb4e58640 | OCC::SyncFileItem::Success |  | 201 | 0 | 0 | 6a2bee1e-0828-4e05-a358-06929e22fa62 | 
2023-06-16T09:56:12Z | output/plot/plot_in_situ_N_vol.jpg | SyncInstruction(CSYNC_INSTRUCTION_NEW) | OCC::SyncFileItem::Up | | 1683297043 | ed964f34f8252368f0da79d01a0d94aa | 608250 | 3151598758ocfcb4e58640 | OCC::SyncFileItem::Success |  | 201 | 0 | 0 | 9606a011-fcfb-479f-aa8e-1bc0c0626c72 | 
2023-06-16T09:56:10Z | output/plot/plot_in_situ.jpg | SyncInstruction(CSYNC_INSTRUCTION_NEW) | OCC::SyncFileItem::Up | | 1683625059 | f7721338c19491a59a511efecb906b75 | 1214863 | 3151598702ocfcb4e58640 | OCC::SyncFileItem::Success |  | 201 | 0 | 0 | e08cbee7-b529-4fce-8c52-130d1a1c005e | 
2023-06-16T09:56:14Z | output/plot/plot_in_situ_leaf.jpg | SyncInstruction(CSYNC_INSTRUCTION_NEW) | OCC::SyncFileItem::Up | | 1683296760 | 085c4794dcbe272e8887df9e9cafd663 | 602448 | 3151598834ocfcb4e58640 | OCC::SyncFileItem::Success |  | 201 | 0 | 0 | d220e618-281c-435e-bb42-98328390a743 | 
2023-06-16T09:56:16Z | script/allometry.R | SyncInstruction(CSYNC_INSTRUCTION_NEW) | OCC::SyncFileItem::Up | | 1682423560 | 13ddadf354060183445e18de236101f9 | 12172 | 3151599102ocfcb4e58640 | OCC::SyncFileItem::Success |  | 201 | 0 | 0 | 95e521b3-9377-4dc2-9379-9e7aee7e862e | 
2023-06-16T09:56:15Z | output/plot/plot_th_ftrait.png | SyncInstruction(CSYNC_INSTRUCTION_NEW) | OCC::SyncFileItem::Up | | 1684915731 | 8289483581ec064fbb34f454205c715e | 118293 | 3151599130ocfcb4e58640 | OCC::SyncFileItem::Success |  | 201 | 0 | 0 | 4bca98e4-03a9-4063-bc54-6bc6e49b8d6a | 
2023-06-16T09:55:51Z | output/plot | SyncInstruction(CSYNC_INSTRUCTION_NEW) | OCC::SyncFileItem::Up | | 1684915731 |  | 4096 | 3151597990ocfcb4e58640 | OCC::SyncFileItem::Success |  | 201 | 0 | 0 | c0a184a4-236d-41cb-9b37-5924200f2fff | 
2023-06-16T09:54:41Z | output | SyncInstruction(CSYNC_INSTRUCTION_NEW) | OCC::SyncFileItem::Up | | 1678394598 |  | 0 | 3151595382ocfcb4e58640 | OCC::SyncFileItem::Success |  | 201 | 0 | 0 | ced0b195-16cc-4a05-a5d4-baeac71ffd4d | 
2023-06-16T09:56:22Z | script/mass grave/Lila_estimate_dry_mass_t2.R | SyncInstruction(CSYNC_INSTRUCTION_NEW) | OCC::SyncFileItem::Up | | 1679489986 | d6c8dc9fdc1c026b2d8b1e135310fbd2 | 1869 | 3151599214ocfcb4e58640 | OCC::SyncFileItem::Success |  | 201 | 0 | 0 | 01e9679a-643f-4410-b81a-579d568c004d | 
2023-06-16T09:56:17Z | script/compute_growth_absorption.R | SyncInstruction(CSYNC_INSTRUCTION_NEW) | OCC::SyncFileItem::Up | | 1682685410 | c2d9160fb07a1f4ccfae5ebd87c24236 | 7914 | 3151599202ocfcb4e58640 | OCC::SyncFileItem::Success |  | 201 | 0 | 0 | 25b7011b-7f59-4496-89df-b9d37f3c6b6d | 
2023-06-16T09:56:18Z | script/exploratory_boxplot_plasticity.R | SyncInstruction(CSYNC_INSTRUCTION_NEW) | OCC::SyncFileItem::Up | | 1684935295 | 403b3a6d96d95b37aa46aaa5625c2bae | 29788 | 3151599254ocfcb4e58640 | OCC::SyncFileItem::Success |  | 201 | 0 | 0 | 3479488e-7861-409e-887d-6d93f9638cab | 
2023-06-16T09:56:27Z | script/in_situ.R | SyncInstruction(CSYNC_INSTRUCTION_NEW) | OCC::SyncFileItem::Up | | 1684914818 | 8cc927e45d86cc841159d977fe10155a | 3483 | 3151599246ocfcb4e58640 | OCC::SyncFileItem::Success |  | 201 | 0 | 0 | 75e7c054-94df-4675-a048-b4064ee6a061 | 
2023-06-16T09:56:26Z | script/mass grave/compare_RDMC_t1_t2.R | SyncInstruction(CSYNC_INSTRUCTION_NEW) | OCC::SyncFileItem::Up | | 1679415486 | 88232436bc02f48178efe61144453893 | 2060 | 3151599218ocfcb4e58640 | OCC::SyncFileItem::Success |  | 201 | 0 | 0 | 7540de98-b070-4836-9821-010b86165aaf | 
2023-06-16T09:56:27Z | script/mass grave/t1_t2_dry_mass_Lila.csv | SyncInstruction(CSYNC_INSTRUCTION_NEW) | OCC::SyncFileItem::Up | | 1679321767 | ab451a2b4c50cb78b6e4fa19634bb98e | 157832 | 3151599294ocfcb4e58640 | OCC::SyncFileItem::Success |  | 201 | 0 | 0 | 98e7c65d-23ec-4970-bf28-efa1d48fd30b | 
2023-06-16T09:56:15Z | script/mass grave | SyncInstruction(CSYNC_INSTRUCTION_NEW) | OCC::SyncFileItem::Up | | 1679490919 |  | 4096 | 3151598902ocfcb4e58640 | OCC::SyncFileItem::Success |  | 201 | 0 | 0 | 4fd720ee-4fa8-4452-8f99-98ae90a792e3 | 
2023-06-16T09:56:30Z | script/origin_effect.R | SyncInstruction(CSYNC_INSTRUCTION_NEW) | OCC::SyncFileItem::Up | | 1683640240 | e63502603d4a9b7a8f8218daedcb6ba6 | 7008 | 3151599354ocfcb4e58640 | OCC::SyncFileItem::Success |  | 201 | 0 | 0 | dcf7276c-7ef0-428d-959a-8eb216e752cf | 
2023-06-16T09:56:31Z | script/plots_plasticity.R | SyncInstruction(CSYNC_INSTRUCTION_NEW) | OCC::SyncFileItem::Up | | 1686235444 | 1f865eed1b9fbdb5970cb636ba875d30 | 10138 | 3151599438ocfcb4e58640 | OCC::SyncFileItem::Success |  | 201 | 0 | 0 | c49e8f72-d892-4059-af2b-46fe49818f5b | 
2023-06-16T09:54:41Z | script | SyncInstruction(CSYNC_INSTRUCTION_NEW) | OCC::SyncFileItem::Up | | 1684915120 |  | 4096 | 3151595426ocfcb4e58640 | OCC::SyncFileItem::Success |  | 201 | 0 | 0 | 8a3094be-ee63-4108-8871-c7a6b8649974 | 
2023-06-16T09:56:32Z | units.xlsx | SyncInstruction(CSYNC_INSTRUCTION_NEW) | OCC::SyncFileItem::Up | | 1679410679 | 2387ed2fcd81f157645e54df3c9bc0c1 | 8484 | 3151599490ocfcb4e58640 | OCC::SyncFileItem::Success |  | 201 | 0 | 0 | 8c3c555f-0332-4b3f-8c65-7ae849dcb70b | 
#=#=#=# Syncrun finished 2023-06-16T09:56:36Z (last step: 116600 msec , total: 117746 msec) 
#=#=#=# Syncrun started 2023-06-16T09:56:48Z
#=#=#=#=# Propagation starts 2023-06-16T09:56:58Z (last step: 9605 msec , total: 9605 msec) 
#=#=#=# Syncrun finished 2023-06-16T09:56:58Z (last step: 44 msec , total: 9650 msec) 
